{"C:\\Users\\seeker\\Projects\\Invest With Queenie\\Billroo\\server\\src\\app.ts": {"path":"C:\\Users\\seeker\\Projects\\Invest With Queenie\\Billroo\\server\\src\\app.ts","statementMap":{"0":{"start":{"line":1,"column":0},"end":{"line":1,"column":30}},"1":{"start":{"line":2,"column":0},"end":{"line":2,"column":38}},"2":{"start":{"line":3,"column":0},"end":{"line":3,"column":26}},"3":{"start":{"line":4,"column":0},"end":{"line":4,"column":50}},"4":{"start":{"line":5,"column":0},"end":{"line":5,"column":51}},"5":{"start":{"line":6,"column":0},"end":{"line":6,"column":28}},"6":{"start":{"line":7,"column":0},"end":{"line":7,"column":24}},"7":{"start":{"line":9,"column":0},"end":{"line":9,"column":32}},"8":{"start":{"line":12,"column":12},"end":{"line":12,"column":21}},"9":{"start":{"line":15,"column":0},"end":{"line":15,"column":42}},"10":{"start":{"line":16,"column":0},"end":{"line":16,"column":23}},"11":{"start":{"line":17,"column":0},"end":{"line":17,"column":24}},"12":{"start":{"line":18,"column":0},"end":{"line":18,"column":48}},"13":{"start":{"line":19,"column":0},"end":{"line":19,"column":36}},"14":{"start":{"line":20,"column":0},"end":{"line":20,"column":35}},"15":{"start":{"line":22,"column":0},"end":{"line":22,"column":78}},"16":{"start":{"line":26,"column":0},"end":{"line":26,"column":40}},"17":{"start":{"line":27,"column":0},"end":{"line":27,"column":43}},"18":{"start":{"line":29,"column":0},"end":{"line":29,"column":19}}},"fnMap":{},"branchMap":{"0":{"loc":{"start":{"line":15,"column":16},"end":{"line":15,"column":32}},"type":"binary-expr","locations":[{"start":{"line":15,"column":16},"end":{"line":15,"column":32}},{"start":{"line":15,"column":36},"end":{"line":15,"column":40}}]}},"s":{"0":2,"1":2,"2":2,"3":2,"4":2,"5":2,"6":2,"7":2,"8":2,"9":2,"10":2,"11":2,"12":2,"13":2,"14":2,"15":2,"16":2,"17":2,"18":2},"f":{},"b":{"0":[2,0]}}
,"C:\\Users\\seeker\\Projects\\Invest With Queenie\\Billroo\\server\\src\\bin\\pg.ts": {"path":"C:\\Users\\seeker\\Projects\\Invest With Queenie\\Billroo\\server\\src\\bin\\pg.ts","statementMap":{"0":{"start":{"line":1,"column":0},"end":{"line":1,"column":36}},"1":{"start":{"line":2,"column":0},"end":{"line":2,"column":41}},"2":{"start":{"line":4,"column":13},"end":{"line":16,"column":5}},"3":{"start":{"line":12,"column":4},"end":{"line":12,"column":41}},"4":{"start":{"line":15,"column":4},"end":{"line":15,"column":62}}},"fnMap":{"0":{"name":"(anonymous_0)","decl":{"start":{"line":11,"column":19},"end":{"line":11,"column":22}},"loc":{"start":{"line":11,"column":24},"end":{"line":13,"column":3}}},"1":{"name":"(anonymous_1)","decl":{"start":{"line":14,"column":15},"end":{"line":14,"column":18}},"loc":{"start":{"line":14,"column":20},"end":{"line":16,"column":3}}}},"branchMap":{},"s":{"0":2,"1":2,"2":2,"3":1,"4":0},"f":{"0":1,"1":0},"b":{}}
,"C:\\Users\\seeker\\Projects\\Invest With Queenie\\Billroo\\server\\src\\consts\\query.ts": {"path":"C:\\Users\\seeker\\Projects\\Invest With Queenie\\Billroo\\server\\src\\consts\\query.ts","statementMap":{"0":{"start":{"line":1,"column":25},"end":{"line":39,"column":1}},"1":{"start":{"line":2,"column":2},"end":{"line":38,"column":31}},"2":{"start":{"line":1,"column":13},"end":{"line":1,"column":25}},"3":{"start":{"line":41,"column":13},"end":{"line":42,"column":49}},"4":{"start":{"line":44,"column":41},"end":{"line":46,"column":1}},"5":{"start":{"line":45,"column":2},"end":{"line":45,"column":94}},"6":{"start":{"line":44,"column":13},"end":{"line":44,"column":41}}},"fnMap":{"0":{"name":"(anonymous_0)","decl":{"start":{"line":1,"column":25},"end":{"line":1,"column":26}},"loc":{"start":{"line":1,"column":53},"end":{"line":39,"column":1}}},"1":{"name":"(anonymous_1)","decl":{"start":{"line":44,"column":41},"end":{"line":44,"column":42}},"loc":{"start":{"line":44,"column":69},"end":{"line":46,"column":1}}}},"branchMap":{},"s":{"0":2,"1":0,"2":2,"3":2,"4":2,"5":1,"6":2},"f":{"0":0,"1":1},"b":{}}
,"C:\\Users\\seeker\\Projects\\Invest With Queenie\\Billroo\\server\\src\\consts\\tables.ts": {"path":"C:\\Users\\seeker\\Projects\\Invest With Queenie\\Billroo\\server\\src\\consts\\tables.ts","statementMap":{"0":{"start":{"line":1,"column":13},"end":{"line":1,"column":34}},"1":{"start":{"line":2,"column":13},"end":{"line":2,"column":41}},"2":{"start":{"line":3,"column":13},"end":{"line":3,"column":41}}},"fnMap":{},"branchMap":{},"s":{"0":2,"1":2,"2":2},"f":{},"b":{}}
,"C:\\Users\\seeker\\Projects\\Invest With Queenie\\Billroo\\server\\src\\controllers\\category.ts": {"path":"C:\\Users\\seeker\\Projects\\Invest With Queenie\\Billroo\\server\\src\\controllers\\category.ts","statementMap":{"0":{"start":{"line":1,"column":0},"end":{"line":1,"column":50}},"1":{"start":{"line":2,"column":0},"end":{"line":2,"column":33}},"2":{"start":{"line":10,"column":19},"end":{"line":17,"column":2}},"3":{"start":{"line":10,"column":49},"end":{"line":17,"column":2}},"4":{"start":{"line":11,"column":2},"end":{"line":16,"column":null}},"5":{"start":{"line":12,"column":16},"end":{"line":12,"column":67}},"6":{"start":{"line":13,"column":4},"end":{"line":13,"column":30}},"7":{"start":{"line":15,"column":4},"end":{"line":15,"column":42}},"8":{"start":{"line":10,"column":13},"end":{"line":10,"column":19}}},"fnMap":{"0":{"name":"(anonymous_7)","decl":{"start":{"line":10,"column":19},"end":{"line":10,"column":47}},"loc":{"start":{"line":10,"column":49},"end":{"line":17,"column":2}}},"1":{"name":"(anonymous_8)","decl":{"start":{"line":10,"column":49},"end":{"line":10,"column":null}},"loc":{"start":{"line":10,"column":49},"end":{"line":17,"column":1}}}},"branchMap":{},"s":{"0":2,"1":2,"2":2,"3":0,"4":0,"5":0,"6":0,"7":0,"8":2},"f":{"0":0,"1":0},"b":{}}
,"C:\\Users\\seeker\\Projects\\Invest With Queenie\\Billroo\\server\\src\\controllers\\expenses.ts": {"path":"C:\\Users\\seeker\\Projects\\Invest With Queenie\\Billroo\\server\\src\\controllers\\expenses.ts","statementMap":{"0":{"start":{"line":1,"column":0},"end":{"line":1,"column":50}},"1":{"start":{"line":2,"column":0},"end":{"line":2,"column":33}},"2":{"start":{"line":4,"column":0},"end":{"line":4,"column":71}},"3":{"start":{"line":11,"column":19},"end":{"line":20,"column":2}},"4":{"start":{"line":11,"column":49},"end":{"line":20,"column":2}},"5":{"start":{"line":12,"column":2},"end":{"line":19,"column":null}},"6":{"start":{"line":13,"column":16},"end":{"line":14,"column":null}},"7":{"start":{"line":16,"column":4},"end":{"line":16,"column":30}},"8":{"start":{"line":18,"column":4},"end":{"line":18,"column":42}},"9":{"start":{"line":11,"column":13},"end":{"line":11,"column":19}},"10":{"start":{"line":22,"column":35},"end":{"line":29,"column":2}},"11":{"start":{"line":22,"column":75},"end":{"line":29,"column":2}},"12":{"start":{"line":23,"column":2},"end":{"line":28,"column":null}},"13":{"start":{"line":24,"column":16},"end":{"line":24,"column":63}},"14":{"start":{"line":25,"column":4},"end":{"line":25,"column":30}},"15":{"start":{"line":27,"column":4},"end":{"line":27,"column":42}},"16":{"start":{"line":22,"column":13},"end":{"line":22,"column":35}},"17":{"start":{"line":31,"column":35},"end":{"line":40,"column":2}},"18":{"start":{"line":31,"column":65},"end":{"line":40,"column":2}},"19":{"start":{"line":32,"column":2},"end":{"line":39,"column":null}},"20":{"start":{"line":33,"column":16},"end":{"line":34,"column":null}},"21":{"start":{"line":36,"column":4},"end":{"line":36,"column":30}},"22":{"start":{"line":38,"column":4},"end":{"line":38,"column":42}},"23":{"start":{"line":31,"column":13},"end":{"line":31,"column":35}},"24":{"start":{"line":42,"column":38},"end":{"line":49,"column":2}},"25":{"start":{"line":42,"column":78},"end":{"line":49,"column":2}},"26":{"start":{"line":43,"column":2},"end":{"line":48,"column":null}},"27":{"start":{"line":44,"column":16},"end":{"line":44,"column":47}},"28":{"start":{"line":45,"column":4},"end":{"line":45,"column":30}},"29":{"start":{"line":47,"column":4},"end":{"line":47,"column":42}},"30":{"start":{"line":42,"column":13},"end":{"line":42,"column":38}}},"fnMap":{"0":{"name":"(anonymous_7)","decl":{"start":{"line":11,"column":19},"end":{"line":11,"column":47}},"loc":{"start":{"line":11,"column":49},"end":{"line":20,"column":2}}},"1":{"name":"(anonymous_8)","decl":{"start":{"line":11,"column":49},"end":{"line":11,"column":null}},"loc":{"start":{"line":11,"column":49},"end":{"line":20,"column":1}}},"2":{"name":"(anonymous_9)","decl":{"start":{"line":22,"column":35},"end":{"line":22,"column":42}},"loc":{"start":{"line":22,"column":75},"end":{"line":29,"column":2}}},"3":{"name":"(anonymous_10)","decl":{"start":{"line":22,"column":75},"end":{"line":22,"column":null}},"loc":{"start":{"line":22,"column":75},"end":{"line":29,"column":1}}},"4":{"name":"(anonymous_11)","decl":{"start":{"line":31,"column":35},"end":{"line":31,"column":63}},"loc":{"start":{"line":31,"column":65},"end":{"line":40,"column":2}}},"5":{"name":"(anonymous_12)","decl":{"start":{"line":31,"column":65},"end":{"line":31,"column":null}},"loc":{"start":{"line":31,"column":65},"end":{"line":40,"column":1}}},"6":{"name":"(anonymous_13)","decl":{"start":{"line":42,"column":38},"end":{"line":42,"column":45}},"loc":{"start":{"line":42,"column":78},"end":{"line":49,"column":2}}},"7":{"name":"(anonymous_14)","decl":{"start":{"line":42,"column":78},"end":{"line":42,"column":null}},"loc":{"start":{"line":42,"column":78},"end":{"line":49,"column":1}}}},"branchMap":{},"s":{"0":2,"1":2,"2":2,"3":2,"4":0,"5":0,"6":0,"7":0,"8":0,"9":2,"10":2,"11":1,"12":1,"13":1,"14":1,"15":0,"16":2,"17":2,"18":0,"19":0,"20":0,"21":0,"22":0,"23":2,"24":2,"25":0,"26":0,"27":0,"28":0,"29":0,"30":2},"f":{"0":0,"1":0,"2":1,"3":1,"4":0,"5":0,"6":0,"7":0},"b":{}}
,"C:\\Users\\seeker\\Projects\\Invest With Queenie\\Billroo\\server\\src\\routes\\category.ts": {"path":"C:\\Users\\seeker\\Projects\\Invest With Queenie\\Billroo\\server\\src\\routes\\category.ts","statementMap":{"0":{"start":{"line":1,"column":0},"end":{"line":1,"column":33}},"1":{"start":{"line":3,"column":0},"end":{"line":3,"column":46}},"2":{"start":{"line":5,"column":13},"end":{"line":5,"column":47}},"3":{"start":{"line":7,"column":0},"end":{"line":10,"column":3}},"4":{"start":{"line":7,"column":62},"end":{"line":10,"column":2}},"5":{"start":{"line":8,"column":18},"end":{"line":8,"column":29}},"6":{"start":{"line":9,"column":2},"end":{"line":9,"column":20}}},"fnMap":{"0":{"name":"(anonymous_7)","decl":{"start":{"line":7,"column":24},"end":{"line":7,"column":31}},"loc":{"start":{"line":7,"column":62},"end":{"line":10,"column":2}}},"1":{"name":"(anonymous_8)","decl":{"start":{"line":7,"column":62},"end":{"line":7,"column":null}},"loc":{"start":{"line":7,"column":62},"end":{"line":10,"column":1}}}},"branchMap":{},"s":{"0":2,"1":2,"2":2,"3":2,"4":0,"5":0,"6":0},"f":{"0":0,"1":0},"b":{}}
,"C:\\Users\\seeker\\Projects\\Invest With Queenie\\Billroo\\server\\src\\routes\\expenses.ts": {"path":"C:\\Users\\seeker\\Projects\\Invest With Queenie\\Billroo\\server\\src\\routes\\expenses.ts","statementMap":{"0":{"start":{"line":1,"column":0},"end":{"line":1,"column":33}},"1":{"start":{"line":3,"column":0},"end":{"line":3,"column":null}},"2":{"start":{"line":9,"column":13},"end":{"line":9,"column":46}},"3":{"start":{"line":11,"column":0},"end":{"line":14,"column":3}},"4":{"start":{"line":11,"column":62},"end":{"line":14,"column":2}},"5":{"start":{"line":12,"column":17},"end":{"line":12,"column":28}},"6":{"start":{"line":13,"column":2},"end":{"line":13,"column":19}},"7":{"start":{"line":16,"column":0},"end":{"line":23,"column":3}},"8":{"start":{"line":16,"column":64},"end":{"line":23,"column":2}},"9":{"start":{"line":17,"column":21},"end":{"line":17,"column":34}},"10":{"start":{"line":18,"column":2},"end":{"line":20,"column":null}},"11":{"start":{"line":19,"column":4},"end":{"line":19,"column":50}},"12":{"start":{"line":21,"column":17},"end":{"line":21,"column":59}},"13":{"start":{"line":22,"column":2},"end":{"line":22,"column":19}},"14":{"start":{"line":25,"column":0},"end":{"line":32,"column":3}},"15":{"start":{"line":25,"column":70},"end":{"line":32,"column":2}},"16":{"start":{"line":26,"column":21},"end":{"line":26,"column":34}},"17":{"start":{"line":27,"column":2},"end":{"line":29,"column":null}},"18":{"start":{"line":28,"column":4},"end":{"line":28,"column":50}},"19":{"start":{"line":30,"column":17},"end":{"line":30,"column":56}},"20":{"start":{"line":31,"column":2},"end":{"line":31,"column":19}},"21":{"start":{"line":34,"column":0},"end":{"line":38,"column":3}},"22":{"start":{"line":34,"column":62},"end":{"line":38,"column":2}},"23":{"start":{"line":35,"column":15},"end":{"line":35,"column":23}},"24":{"start":{"line":36,"column":17},"end":{"line":36,"column":28}},"25":{"start":{"line":37,"column":2},"end":{"line":37,"column":19}}},"fnMap":{"0":{"name":"(anonymous_7)","decl":{"start":{"line":11,"column":23},"end":{"line":11,"column":30}},"loc":{"start":{"line":11,"column":62},"end":{"line":14,"column":2}}},"1":{"name":"(anonymous_8)","decl":{"start":{"line":11,"column":62},"end":{"line":11,"column":null}},"loc":{"start":{"line":11,"column":62},"end":{"line":14,"column":1}}},"2":{"name":"(anonymous_9)","decl":{"start":{"line":16,"column":26},"end":{"line":16,"column":33}},"loc":{"start":{"line":16,"column":64},"end":{"line":23,"column":2}}},"3":{"name":"(anonymous_10)","decl":{"start":{"line":16,"column":64},"end":{"line":16,"column":null}},"loc":{"start":{"line":16,"column":64},"end":{"line":23,"column":1}}},"4":{"name":"(anonymous_11)","decl":{"start":{"line":25,"column":32},"end":{"line":25,"column":39}},"loc":{"start":{"line":25,"column":70},"end":{"line":32,"column":2}}},"5":{"name":"(anonymous_12)","decl":{"start":{"line":25,"column":70},"end":{"line":25,"column":null}},"loc":{"start":{"line":25,"column":70},"end":{"line":32,"column":1}}},"6":{"name":"(anonymous_13)","decl":{"start":{"line":34,"column":24},"end":{"line":34,"column":31}},"loc":{"start":{"line":34,"column":62},"end":{"line":38,"column":2}}},"7":{"name":"(anonymous_14)","decl":{"start":{"line":34,"column":62},"end":{"line":34,"column":null}},"loc":{"start":{"line":34,"column":62},"end":{"line":38,"column":1}}}},"branchMap":{"0":{"loc":{"start":{"line":18,"column":2},"end":{"line":20,"column":null}},"type":"if","locations":[{"start":{"line":18,"column":2},"end":{"line":20,"column":null}},{"start":{"line":18,"column":2},"end":{"line":20,"column":null}}]},"1":{"loc":{"start":{"line":18,"column":6},"end":{"line":18,"column":9}},"type":"binary-expr","locations":[{"start":{"line":18,"column":6},"end":{"line":18,"column":9}},{"start":{"line":18,"column":13},"end":{"line":18,"column":23}}]},"2":{"loc":{"start":{"line":27,"column":2},"end":{"line":29,"column":null}},"type":"if","locations":[{"start":{"line":27,"column":2},"end":{"line":29,"column":null}},{"start":{"line":27,"column":2},"end":{"line":29,"column":null}}]},"3":{"loc":{"start":{"line":27,"column":6},"end":{"line":27,"column":9}},"type":"binary-expr","locations":[{"start":{"line":27,"column":6},"end":{"line":27,"column":9}},{"start":{"line":27,"column":13},"end":{"line":27,"column":23}}]}},"s":{"0":2,"1":2,"2":2,"3":2,"4":0,"5":0,"6":0,"7":2,"8":0,"9":0,"10":0,"11":0,"12":0,"13":0,"14":2,"15":1,"16":1,"17":1,"18":0,"19":1,"20":1,"21":2,"22":0,"23":0,"24":0,"25":0},"f":{"0":0,"1":0,"2":0,"3":0,"4":1,"5":1,"6":0,"7":0},"b":{"0":[0,0],"1":[0,0],"2":[0,1],"3":[1,1]}}
,"C:\\Users\\seeker\\Projects\\Invest With Queenie\\Billroo\\server\\src\\util\\logger.ts": {"path":"C:\\Users\\seeker\\Projects\\Invest With Queenie\\Billroo\\server\\src\\util\\logger.ts","statementMap":{"0":{"start":{"line":1,"column":0},"end":{"line":1,"column":30}},"1":{"start":{"line":3,"column":39},"end":{"line":10,"column":2}},"2":{"start":{"line":12,"column":15},"end":{"line":12,"column":44}},"3":{"start":{"line":14,"column":0},"end":{"line":16,"column":null}},"4":{"start":{"line":15,"column":4},"end":{"line":15,"column":55}},"5":{"start":{"line":18,"column":0},"end":{"line":18,"column":22}}},"fnMap":{},"branchMap":{"0":{"loc":{"start":{"line":6,"column":59},"end":{"line":6,"column":66}},"type":"cond-expr","locations":[{"start":{"line":6,"column":59},"end":{"line":6,"column":66}},{"start":{"line":6,"column":69},"end":{"line":6,"column":76}}]},"1":{"loc":{"start":{"line":14,"column":0},"end":{"line":16,"column":null}},"type":"if","locations":[{"start":{"line":14,"column":0},"end":{"line":16,"column":null}},{"start":{"line":14,"column":0},"end":{"line":16,"column":null}}]}},"s":{"0":2,"1":2,"2":2,"3":2,"4":2,"5":2},"f":{},"b":{"0":[0,2],"1":[2,0]}}
,"C:\\Users\\seeker\\Projects\\Invest With Queenie\\Billroo\\server\\src\\util\\secrets.ts": {"path":"C:\\Users\\seeker\\Projects\\Invest With Queenie\\Billroo\\server\\src\\util\\secrets.ts","statementMap":{"0":{"start":{"line":1,"column":0},"end":{"line":1,"column":30}},"1":{"start":{"line":2,"column":0},"end":{"line":2,"column":28}},"2":{"start":{"line":3,"column":0},"end":{"line":3,"column":20}},"3":{"start":{"line":5,"column":0},"end":{"line":13,"column":null}},"4":{"start":{"line":6,"column":2},"end":{"line":6,"column":73}},"5":{"start":{"line":7,"column":2},"end":{"line":7,"column":34}},"6":{"start":{"line":9,"column":2},"end":{"line":11,"column":4}},"7":{"start":{"line":12,"column":2},"end":{"line":12,"column":42}},"8":{"start":{"line":14,"column":13},"end":{"line":14,"column":48}},"9":{"start":{"line":15,"column":13},"end":{"line":15,"column":41}},"10":{"start":{"line":17,"column":13},"end":{"line":19,"column":32}},"11":{"start":{"line":21,"column":0},"end":{"line":32,"column":null}},"12":{"start":{"line":22,"column":2},"end":{"line":30,"column":null}},"13":{"start":{"line":23,"column":4},"end":{"line":25,"column":6}},"14":{"start":{"line":27,"column":4},"end":{"line":29,"column":6}},"15":{"start":{"line":31,"column":2},"end":{"line":31,"column":18}}},"fnMap":{},"branchMap":{"0":{"loc":{"start":{"line":5,"column":0},"end":{"line":13,"column":null}},"type":"if","locations":[{"start":{"line":5,"column":0},"end":{"line":13,"column":null}},{"start":{"line":5,"column":0},"end":{"line":13,"column":null}}]},"1":{"loc":{"start":{"line":18,"column":4},"end":{"line":18,"column":25}},"type":"cond-expr","locations":[{"start":{"line":18,"column":4},"end":{"line":18,"column":25}},{"start":{"line":19,"column":4},"end":{"line":19,"column":31}}]},"2":{"loc":{"start":{"line":21,"column":0},"end":{"line":32,"column":null}},"type":"if","locations":[{"start":{"line":21,"column":0},"end":{"line":32,"column":null}},{"start":{"line":21,"column":0},"end":{"line":32,"column":null}}]},"3":{"loc":{"start":{"line":22,"column":2},"end":{"line":30,"column":null}},"type":"if","locations":[{"start":{"line":22,"column":2},"end":{"line":30,"column":null}},{"start":{"line":22,"column":2},"end":{"line":30,"column":null}}]}},"s":{"0":2,"1":2,"2":2,"3":2,"4":2,"5":2,"6":0,"7":0,"8":2,"9":2,"10":2,"11":2,"12":0,"13":0,"14":0,"15":0},"f":{},"b":{"0":[2,0],"1":[0,2],"2":[0,2],"3":[0,0]}}
}
