{"C:\\Users\\seeker\\Projects\\Invest With Queenie\\Billroo\\server\\src\\app.ts": {"path":"C:\\Users\\seeker\\Projects\\Invest With Queenie\\Billroo\\server\\src\\app.ts","statementMap":{"0":{"start":{"line":1,"column":0},"end":{"line":1,"column":30}},"1":{"start":{"line":2,"column":0},"end":{"line":2,"column":38}},"2":{"start":{"line":3,"column":0},"end":{"line":3,"column":26}},"3":{"start":{"line":4,"column":0},"end":{"line":4,"column":50}},"4":{"start":{"line":5,"column":0},"end":{"line":5,"column":51}},"5":{"start":{"line":6,"column":0},"end":{"line":6,"column":28}},"6":{"start":{"line":7,"column":0},"end":{"line":7,"column":24}},"7":{"start":{"line":9,"column":0},"end":{"line":9,"column":32}},"8":{"start":{"line":12,"column":12},"end":{"line":12,"column":21}},"9":{"start":{"line":15,"column":0},"end":{"line":15,"column":42}},"10":{"start":{"line":16,"column":0},"end":{"line":16,"column":23}},"11":{"start":{"line":17,"column":0},"end":{"line":17,"column":24}},"12":{"start":{"line":18,"column":0},"end":{"line":18,"column":48}},"13":{"start":{"line":19,"column":0},"end":{"line":19,"column":36}},"14":{"start":{"line":20,"column":0},"end":{"line":20,"column":35}},"15":{"start":{"line":22,"column":0},"end":{"line":22,"column":78}},"16":{"start":{"line":26,"column":0},"end":{"line":26,"column":40}},"17":{"start":{"line":27,"column":0},"end":{"line":27,"column":43}},"18":{"start":{"line":29,"column":0},"end":{"line":29,"column":19}}},"fnMap":{},"branchMap":{"0":{"loc":{"start":{"line":15,"column":16},"end":{"line":15,"column":32}},"type":"binary-expr","locations":[{"start":{"line":15,"column":16},"end":{"line":15,"column":32}},{"start":{"line":15,"column":36},"end":{"line":15,"column":40}}]}},"s":{"0":2,"1":2,"2":2,"3":2,"4":2,"5":2,"6":2,"7":2,"8":2,"9":2,"10":2,"11":2,"12":2,"13":2,"14":2,"15":2,"16":2,"17":2,"18":2},"f":{},"b":{"0":[2,0]}}
,"C:\\Users\\seeker\\Projects\\Invest With Queenie\\Billroo\\server\\src\\bin\\pg.ts": {"path":"C:\\Users\\seeker\\Projects\\Invest With Queenie\\Billroo\\server\\src\\bin\\pg.ts","statementMap":{"0":{"start":{"line":1,"column":0},"end":{"line":1,"column":36}},"1":{"start":{"line":2,"column":0},"end":{"line":2,"column":41}},"2":{"start":{"line":4,"column":13},"end":{"line":16,"column":5}},"3":{"start":{"line":12,"column":4},"end":{"line":12,"column":41}},"4":{"start":{"line":15,"column":4},"end":{"line":15,"column":62}}},"fnMap":{"0":{"name":"(anonymous_0)","decl":{"start":{"line":11,"column":19},"end":{"line":11,"column":22}},"loc":{"start":{"line":11,"column":24},"end":{"line":13,"column":3}}},"1":{"name":"(anonymous_1)","decl":{"start":{"line":14,"column":15},"end":{"line":14,"column":18}},"loc":{"start":{"line":14,"column":20},"end":{"line":16,"column":3}}}},"branchMap":{},"s":{"0":2,"1":2,"2":2,"3":1,"4":0},"f":{"0":1,"1":0},"b":{}}
,"C:\\Users\\seeker\\Projects\\Invest With Queenie\\Billroo\\server\\src\\consts\\query.ts": {"path":"C:\\Users\\seeker\\Projects\\Invest With Queenie\\Billroo\\server\\src\\consts\\query.ts","statementMap":{"0":{"start":{"line":1,"column":25},"end":{"line":39,"column":1}},"1":{"start":{"line":2,"column":2},"end":{"line":38,"column":31}},"2":{"start":{"line":1,"column":13},"end":{"line":1,"column":25}},"3":{"start":{"line":41,"column":42},"end":{"line":43,"column":1}},"4":{"start":{"line":42,"column":2},"end":{"line":42,"column":94}},"5":{"start":{"line":41,"column":13},"end":{"line":41,"column":42}},"6":{"start":{"line":45,"column":54},"end":{"line":50,"column":1}},"7":{"start":{"line":49,"column":2},"end":{"line":49,"column":124}},"8":{"start":{"line":45,"column":13},"end":{"line":45,"column":54}},"9":{"start":{"line":52,"column":56},"end":{"line":68,"column":1}},"10":{"start":{"line":55,"column":2},"end":{"line":67,"column":26}},"11":{"start":{"line":52,"column":13},"end":{"line":52,"column":56}},"12":{"start":{"line":70,"column":61},"end":{"line":76,"column":1}},"13":{"start":{"line":75,"column":2},"end":{"line":75,"column":125}},"14":{"start":{"line":70,"column":13},"end":{"line":70,"column":61}},"15":{"start":{"line":78,"column":37},"end":{"line":87,"column":1}},"16":{"start":{"line":83,"column":2},"end":{"line":86,"column":46}},"17":{"start":{"line":78,"column":13},"end":{"line":78,"column":37}}},"fnMap":{"0":{"name":"(anonymous_0)","decl":{"start":{"line":1,"column":25},"end":{"line":1,"column":26}},"loc":{"start":{"line":1,"column":53},"end":{"line":39,"column":1}}},"1":{"name":"(anonymous_1)","decl":{"start":{"line":41,"column":42},"end":{"line":41,"column":43}},"loc":{"start":{"line":41,"column":70},"end":{"line":43,"column":1}}},"2":{"name":"(anonymous_2)","decl":{"start":{"line":45,"column":54},"end":{"line":45,"column":null}},"loc":{"start":{"line":48,"column":12},"end":{"line":50,"column":1}}},"3":{"name":"(anonymous_3)","decl":{"start":{"line":52,"column":56},"end":{"line":52,"column":null}},"loc":{"start":{"line":54,"column":12},"end":{"line":68,"column":1}}},"4":{"name":"(anonymous_4)","decl":{"start":{"line":70,"column":61},"end":{"line":70,"column":null}},"loc":{"start":{"line":74,"column":12},"end":{"line":76,"column":1}}},"5":{"name":"(anonymous_5)","decl":{"start":{"line":78,"column":37},"end":{"line":78,"column":null}},"loc":{"start":{"line":82,"column":12},"end":{"line":87,"column":1}}}},"branchMap":{},"s":{"0":2,"1":0,"2":2,"3":2,"4":0,"5":2,"6":2,"7":0,"8":2,"9":2,"10":1,"11":2,"12":2,"13":0,"14":2,"15":2,"16":0,"17":2},"f":{"0":0,"1":0,"2":0,"3":1,"4":0,"5":0},"b":{}}
,"C:\\Users\\seeker\\Projects\\Invest With Queenie\\Billroo\\server\\src\\consts\\tables.ts": {"path":"C:\\Users\\seeker\\Projects\\Invest With Queenie\\Billroo\\server\\src\\consts\\tables.ts","statementMap":{"0":{"start":{"line":1,"column":13},"end":{"line":1,"column":34}},"1":{"start":{"line":2,"column":13},"end":{"line":2,"column":41}},"2":{"start":{"line":3,"column":13},"end":{"line":3,"column":41}}},"fnMap":{},"branchMap":{},"s":{"0":2,"1":2,"2":2},"f":{},"b":{}}
,"C:\\Users\\seeker\\Projects\\Invest With Queenie\\Billroo\\server\\src\\controllers\\category.ts": {"path":"C:\\Users\\seeker\\Projects\\Invest With Queenie\\Billroo\\server\\src\\controllers\\category.ts","statementMap":{"0":{"start":{"line":1,"column":0},"end":{"line":1,"column":50}},"1":{"start":{"line":2,"column":0},"end":{"line":2,"column":33}},"2":{"start":{"line":10,"column":19},"end":{"line":17,"column":2}},"3":{"start":{"line":10,"column":49},"end":{"line":17,"column":2}},"4":{"start":{"line":11,"column":2},"end":{"line":16,"column":null}},"5":{"start":{"line":12,"column":16},"end":{"line":12,"column":67}},"6":{"start":{"line":13,"column":4},"end":{"line":13,"column":30}},"7":{"start":{"line":15,"column":4},"end":{"line":15,"column":42}},"8":{"start":{"line":10,"column":13},"end":{"line":10,"column":19}}},"fnMap":{"0":{"name":"(anonymous_7)","decl":{"start":{"line":10,"column":19},"end":{"line":10,"column":47}},"loc":{"start":{"line":10,"column":49},"end":{"line":17,"column":2}}},"1":{"name":"(anonymous_8)","decl":{"start":{"line":10,"column":49},"end":{"line":10,"column":null}},"loc":{"start":{"line":10,"column":49},"end":{"line":17,"column":1}}}},"branchMap":{},"s":{"0":2,"1":2,"2":2,"3":0,"4":0,"5":0,"6":0,"7":0,"8":2},"f":{"0":0,"1":0},"b":{}}
,"C:\\Users\\seeker\\Projects\\Invest With Queenie\\Billroo\\server\\src\\controllers\\expenses.ts": {"path":"C:\\Users\\seeker\\Projects\\Invest With Queenie\\Billroo\\server\\src\\controllers\\expenses.ts","statementMap":{"0":{"start":{"line":1,"column":0},"end":{"line":1,"column":50}},"1":{"start":{"line":2,"column":0},"end":{"line":2,"column":33}},"2":{"start":{"line":4,"column":0},"end":{"line":4,"column":null}},"3":{"start":{"line":19,"column":19},"end":{"line":28,"column":2}},"4":{"start":{"line":19,"column":49},"end":{"line":28,"column":2}},"5":{"start":{"line":20,"column":2},"end":{"line":27,"column":null}},"6":{"start":{"line":21,"column":16},"end":{"line":22,"column":null}},"7":{"start":{"line":24,"column":4},"end":{"line":24,"column":30}},"8":{"start":{"line":26,"column":4},"end":{"line":26,"column":42}},"9":{"start":{"line":19,"column":13},"end":{"line":19,"column":19}},"10":{"start":{"line":30,"column":36},"end":{"line":37,"column":2}},"11":{"start":{"line":30,"column":76},"end":{"line":37,"column":2}},"12":{"start":{"line":31,"column":2},"end":{"line":36,"column":null}},"13":{"start":{"line":32,"column":16},"end":{"line":32,"column":64}},"14":{"start":{"line":33,"column":4},"end":{"line":33,"column":30}},"15":{"start":{"line":35,"column":4},"end":{"line":35,"column":42}},"16":{"start":{"line":30,"column":13},"end":{"line":30,"column":36}},"17":{"start":{"line":39,"column":50},"end":{"line":48,"column":2}},"18":{"start":{"line":41,"column":23},"end":{"line":48,"column":2}},"19":{"start":{"line":42,"column":2},"end":{"line":47,"column":null}},"20":{"start":{"line":43,"column":16},"end":{"line":43,"column":78}},"21":{"start":{"line":44,"column":4},"end":{"line":44,"column":30}},"22":{"start":{"line":46,"column":4},"end":{"line":46,"column":42}},"23":{"start":{"line":39,"column":13},"end":{"line":39,"column":50}},"24":{"start":{"line":50,"column":38},"end":{"line":57,"column":2}},"25":{"start":{"line":50,"column":78},"end":{"line":57,"column":2}},"26":{"start":{"line":51,"column":2},"end":{"line":56,"column":null}},"27":{"start":{"line":52,"column":16},"end":{"line":52,"column":47}},"28":{"start":{"line":53,"column":4},"end":{"line":53,"column":30}},"29":{"start":{"line":55,"column":4},"end":{"line":55,"column":42}},"30":{"start":{"line":50,"column":13},"end":{"line":50,"column":38}},"31":{"start":{"line":59,"column":46},"end":{"line":83,"column":2}},"32":{"start":{"line":63,"column":23},"end":{"line":83,"column":2}},"33":{"start":{"line":64,"column":2},"end":{"line":82,"column":null}},"34":{"start":{"line":65,"column":20},"end":{"line":66,"column":null}},"35":{"start":{"line":68,"column":4},"end":{"line":79,"column":null}},"36":{"start":{"line":69,"column":6},"end":{"line":73,"column":8}},"37":{"start":{"line":75,"column":6},"end":{"line":77,"column":8}},"38":{"start":{"line":78,"column":6},"end":{"line":78,"column":79}},"39":{"start":{"line":81,"column":4},"end":{"line":81,"column":55}},"40":{"start":{"line":59,"column":13},"end":{"line":59,"column":46}},"41":{"start":{"line":85,"column":28},"end":{"line":101,"column":2}},"42":{"start":{"line":89,"column":23},"end":{"line":101,"column":2}},"43":{"start":{"line":90,"column":2},"end":{"line":100,"column":null}},"44":{"start":{"line":91,"column":16},"end":{"line":92,"column":null}},"45":{"start":{"line":94,"column":4},"end":{"line":96,"column":null}},"46":{"start":{"line":95,"column":6},"end":{"line":95,"column":69}},"47":{"start":{"line":97,"column":4},"end":{"line":97,"column":78}},"48":{"start":{"line":99,"column":4},"end":{"line":99,"column":55}},"49":{"start":{"line":85,"column":13},"end":{"line":85,"column":28}}},"fnMap":{"0":{"name":"(anonymous_7)","decl":{"start":{"line":19,"column":19},"end":{"line":19,"column":47}},"loc":{"start":{"line":19,"column":49},"end":{"line":28,"column":2}}},"1":{"name":"(anonymous_8)","decl":{"start":{"line":19,"column":49},"end":{"line":19,"column":null}},"loc":{"start":{"line":19,"column":49},"end":{"line":28,"column":1}}},"2":{"name":"(anonymous_9)","decl":{"start":{"line":30,"column":36},"end":{"line":30,"column":43}},"loc":{"start":{"line":30,"column":76},"end":{"line":37,"column":2}}},"3":{"name":"(anonymous_10)","decl":{"start":{"line":30,"column":76},"end":{"line":30,"column":null}},"loc":{"start":{"line":30,"column":76},"end":{"line":37,"column":1}}},"4":{"name":"(anonymous_11)","decl":{"start":{"line":39,"column":50},"end":{"line":39,"column":null}},"loc":{"start":{"line":41,"column":23},"end":{"line":48,"column":2}}},"5":{"name":"(anonymous_12)","decl":{"start":{"line":41,"column":23},"end":{"line":41,"column":null}},"loc":{"start":{"line":41,"column":23},"end":{"line":48,"column":1}}},"6":{"name":"(anonymous_13)","decl":{"start":{"line":50,"column":38},"end":{"line":50,"column":45}},"loc":{"start":{"line":50,"column":78},"end":{"line":57,"column":2}}},"7":{"name":"(anonymous_14)","decl":{"start":{"line":50,"column":78},"end":{"line":50,"column":null}},"loc":{"start":{"line":50,"column":78},"end":{"line":57,"column":1}}},"8":{"name":"(anonymous_15)","decl":{"start":{"line":59,"column":46},"end":{"line":59,"column":null}},"loc":{"start":{"line":63,"column":23},"end":{"line":83,"column":2}}},"9":{"name":"(anonymous_16)","decl":{"start":{"line":63,"column":23},"end":{"line":63,"column":null}},"loc":{"start":{"line":63,"column":23},"end":{"line":83,"column":1}}},"10":{"name":"(anonymous_17)","decl":{"start":{"line":85,"column":28},"end":{"line":85,"column":null}},"loc":{"start":{"line":89,"column":23},"end":{"line":101,"column":2}}},"11":{"name":"(anonymous_18)","decl":{"start":{"line":89,"column":23},"end":{"line":89,"column":null}},"loc":{"start":{"line":89,"column":23},"end":{"line":101,"column":1}}}},"branchMap":{"0":{"loc":{"start":{"line":68,"column":4},"end":{"line":79,"column":null}},"type":"if","locations":[{"start":{"line":68,"column":4},"end":{"line":79,"column":null}},{"start":{"line":68,"column":4},"end":{"line":79,"column":null}}]},"1":{"loc":{"start":{"line":94,"column":4},"end":{"line":96,"column":null}},"type":"if","locations":[{"start":{"line":94,"column":4},"end":{"line":96,"column":null}},{"start":{"line":94,"column":4},"end":{"line":96,"column":null}}]}},"s":{"0":2,"1":2,"2":2,"3":2,"4":0,"5":0,"6":0,"7":0,"8":0,"9":2,"10":2,"11":0,"12":0,"13":0,"14":0,"15":0,"16":2,"17":2,"18":1,"19":1,"20":1,"21":1,"22":0,"23":2,"24":2,"25":0,"26":0,"27":0,"28":0,"29":0,"30":2,"31":2,"32":0,"33":0,"34":0,"35":0,"36":0,"37":0,"38":0,"39":0,"40":2,"41":2,"42":0,"43":0,"44":0,"45":0,"46":0,"47":0,"48":0,"49":2},"f":{"0":0,"1":0,"2":0,"3":0,"4":1,"5":1,"6":0,"7":0,"8":0,"9":0,"10":0,"11":0},"b":{"0":[0,0],"1":[0,0]}}
,"C:\\Users\\seeker\\Projects\\Invest With Queenie\\Billroo\\server\\src\\routes\\category.ts": {"path":"C:\\Users\\seeker\\Projects\\Invest With Queenie\\Billroo\\server\\src\\routes\\category.ts","statementMap":{"0":{"start":{"line":1,"column":0},"end":{"line":1,"column":33}},"1":{"start":{"line":3,"column":0},"end":{"line":3,"column":46}},"2":{"start":{"line":5,"column":13},"end":{"line":5,"column":47}},"3":{"start":{"line":7,"column":0},"end":{"line":10,"column":3}},"4":{"start":{"line":7,"column":62},"end":{"line":10,"column":2}},"5":{"start":{"line":8,"column":18},"end":{"line":8,"column":29}},"6":{"start":{"line":9,"column":2},"end":{"line":9,"column":20}}},"fnMap":{"0":{"name":"(anonymous_7)","decl":{"start":{"line":7,"column":24},"end":{"line":7,"column":31}},"loc":{"start":{"line":7,"column":62},"end":{"line":10,"column":2}}},"1":{"name":"(anonymous_8)","decl":{"start":{"line":7,"column":62},"end":{"line":7,"column":null}},"loc":{"start":{"line":7,"column":62},"end":{"line":10,"column":1}}}},"branchMap":{},"s":{"0":2,"1":2,"2":2,"3":2,"4":0,"5":0,"6":0},"f":{"0":0,"1":0},"b":{}}
,"C:\\Users\\seeker\\Projects\\Invest With Queenie\\Billroo\\server\\src\\routes\\expenses.ts": {"path":"C:\\Users\\seeker\\Projects\\Invest With Queenie\\Billroo\\server\\src\\routes\\expenses.ts","statementMap":{"0":{"start":{"line":1,"column":0},"end":{"line":1,"column":33}},"1":{"start":{"line":3,"column":0},"end":{"line":3,"column":null}},"2":{"start":{"line":11,"column":13},"end":{"line":11,"column":46}},"3":{"start":{"line":13,"column":0},"end":{"line":16,"column":3}},"4":{"start":{"line":13,"column":62},"end":{"line":16,"column":2}},"5":{"start":{"line":14,"column":17},"end":{"line":14,"column":28}},"6":{"start":{"line":15,"column":2},"end":{"line":15,"column":19}},"7":{"start":{"line":18,"column":0},"end":{"line":25,"column":3}},"8":{"start":{"line":18,"column":64},"end":{"line":25,"column":2}},"9":{"start":{"line":19,"column":21},"end":{"line":19,"column":34}},"10":{"start":{"line":20,"column":2},"end":{"line":22,"column":null}},"11":{"start":{"line":21,"column":4},"end":{"line":21,"column":50}},"12":{"start":{"line":23,"column":17},"end":{"line":23,"column":59}},"13":{"start":{"line":24,"column":2},"end":{"line":24,"column":19}},"14":{"start":{"line":27,"column":0},"end":{"line":34,"column":3}},"15":{"start":{"line":27,"column":74},"end":{"line":34,"column":2}},"16":{"start":{"line":28,"column":21},"end":{"line":28,"column":34}},"17":{"start":{"line":29,"column":2},"end":{"line":31,"column":null}},"18":{"start":{"line":30,"column":4},"end":{"line":30,"column":50}},"19":{"start":{"line":32,"column":17},"end":{"line":32,"column":71}},"20":{"start":{"line":33,"column":2},"end":{"line":33,"column":19}},"21":{"start":{"line":36,"column":0},"end":{"line":49,"column":3}},"22":{"start":{"line":36,"column":67},"end":{"line":49,"column":2}},"23":{"start":{"line":37,"column":21},"end":{"line":37,"column":37}},"24":{"start":{"line":38,"column":25},"end":{"line":38,"column":40}},"25":{"start":{"line":39,"column":25},"end":{"line":39,"column":40}},"26":{"start":{"line":40,"column":2},"end":{"line":42,"column":null}},"27":{"start":{"line":41,"column":4},"end":{"line":41,"column":50}},"28":{"start":{"line":43,"column":17},"end":{"line":46,"column":null}},"29":{"start":{"line":48,"column":2},"end":{"line":48,"column":19}},"30":{"start":{"line":51,"column":0},"end":{"line":71,"column":3}},"31":{"start":{"line":51,"column":66},"end":{"line":71,"column":2}},"32":{"start":{"line":52,"column":21},"end":{"line":52,"column":37}},"33":{"start":{"line":53,"column":25},"end":{"line":53,"column":40}},"34":{"start":{"line":54,"column":25},"end":{"line":54,"column":40}},"35":{"start":{"line":55,"column":2},"end":{"line":64,"column":null}},"36":{"start":{"line":63,"column":4},"end":{"line":63,"column":63}},"37":{"start":{"line":65,"column":17},"end":{"line":68,"column":null}},"38":{"start":{"line":70,"column":2},"end":{"line":70,"column":19}}},"fnMap":{"0":{"name":"(anonymous_7)","decl":{"start":{"line":13,"column":23},"end":{"line":13,"column":30}},"loc":{"start":{"line":13,"column":62},"end":{"line":16,"column":2}}},"1":{"name":"(anonymous_8)","decl":{"start":{"line":13,"column":62},"end":{"line":13,"column":null}},"loc":{"start":{"line":13,"column":62},"end":{"line":16,"column":1}}},"2":{"name":"(anonymous_9)","decl":{"start":{"line":18,"column":26},"end":{"line":18,"column":33}},"loc":{"start":{"line":18,"column":64},"end":{"line":25,"column":2}}},"3":{"name":"(anonymous_10)","decl":{"start":{"line":18,"column":64},"end":{"line":18,"column":null}},"loc":{"start":{"line":18,"column":64},"end":{"line":25,"column":1}}},"4":{"name":"(anonymous_11)","decl":{"start":{"line":27,"column":36},"end":{"line":27,"column":43}},"loc":{"start":{"line":27,"column":74},"end":{"line":34,"column":2}}},"5":{"name":"(anonymous_12)","decl":{"start":{"line":27,"column":74},"end":{"line":27,"column":null}},"loc":{"start":{"line":27,"column":74},"end":{"line":34,"column":1}}},"6":{"name":"(anonymous_13)","decl":{"start":{"line":36,"column":29},"end":{"line":36,"column":36}},"loc":{"start":{"line":36,"column":67},"end":{"line":49,"column":2}}},"7":{"name":"(anonymous_14)","decl":{"start":{"line":36,"column":67},"end":{"line":36,"column":null}},"loc":{"start":{"line":36,"column":67},"end":{"line":49,"column":1}}},"8":{"name":"(anonymous_15)","decl":{"start":{"line":51,"column":28},"end":{"line":51,"column":35}},"loc":{"start":{"line":51,"column":66},"end":{"line":71,"column":2}}},"9":{"name":"(anonymous_16)","decl":{"start":{"line":51,"column":66},"end":{"line":51,"column":null}},"loc":{"start":{"line":51,"column":66},"end":{"line":71,"column":1}}}},"branchMap":{"0":{"loc":{"start":{"line":20,"column":2},"end":{"line":22,"column":null}},"type":"if","locations":[{"start":{"line":20,"column":2},"end":{"line":22,"column":null}},{"start":{"line":20,"column":2},"end":{"line":22,"column":null}}]},"1":{"loc":{"start":{"line":20,"column":6},"end":{"line":20,"column":9}},"type":"binary-expr","locations":[{"start":{"line":20,"column":6},"end":{"line":20,"column":9}},{"start":{"line":20,"column":13},"end":{"line":20,"column":23}}]},"2":{"loc":{"start":{"line":29,"column":2},"end":{"line":31,"column":null}},"type":"if","locations":[{"start":{"line":29,"column":2},"end":{"line":31,"column":null}},{"start":{"line":29,"column":2},"end":{"line":31,"column":null}}]},"3":{"loc":{"start":{"line":29,"column":6},"end":{"line":29,"column":9}},"type":"binary-expr","locations":[{"start":{"line":29,"column":6},"end":{"line":29,"column":9}},{"start":{"line":29,"column":13},"end":{"line":29,"column":23}}]},"4":{"loc":{"start":{"line":40,"column":2},"end":{"line":42,"column":null}},"type":"if","locations":[{"start":{"line":40,"column":2},"end":{"line":42,"column":null}},{"start":{"line":40,"column":2},"end":{"line":42,"column":null}}]},"5":{"loc":{"start":{"line":40,"column":6},"end":{"line":40,"column":9}},"type":"binary-expr","locations":[{"start":{"line":40,"column":6},"end":{"line":40,"column":9}},{"start":{"line":40,"column":13},"end":{"line":40,"column":23}},{"start":{"line":40,"column":27},"end":{"line":40,"column":34}},{"start":{"line":40,"column":38},"end":{"line":40,"column":52}}]},"6":{"loc":{"start":{"line":55,"column":2},"end":{"line":64,"column":null}},"type":"if","locations":[{"start":{"line":55,"column":2},"end":{"line":64,"column":null}},{"start":{"line":55,"column":2},"end":{"line":64,"column":null}}]},"7":{"loc":{"start":{"line":56,"column":4},"end":{"line":56,"column":7}},"type":"binary-expr","locations":[{"start":{"line":56,"column":4},"end":{"line":56,"column":7}},{"start":{"line":57,"column":4},"end":{"line":57,"column":14}},{"start":{"line":58,"column":4},"end":{"line":58,"column":11}},{"start":{"line":59,"column":4},"end":{"line":59,"column":18}},{"start":{"line":60,"column":4},"end":{"line":60,"column":11}},{"start":{"line":61,"column":4},"end":{"line":61,"column":18}}]}},"s":{"0":2,"1":2,"2":2,"3":2,"4":0,"5":0,"6":0,"7":2,"8":0,"9":0,"10":0,"11":0,"12":0,"13":0,"14":2,"15":1,"16":1,"17":1,"18":0,"19":1,"20":1,"21":2,"22":1,"23":1,"24":1,"25":1,"26":1,"27":1,"28":0,"29":0,"30":2,"31":1,"32":1,"33":1,"34":1,"35":1,"36":1,"37":0,"38":0},"f":{"0":0,"1":0,"2":0,"3":0,"4":1,"5":1,"6":1,"7":1,"8":1,"9":1},"b":{"0":[0,0],"1":[0,0],"2":[0,1],"3":[1,1],"4":[1,0],"5":[1,0,0,0],"6":[1,0],"7":[1,0,0,0,0,0]}}
,"C:\\Users\\seeker\\Projects\\Invest With Queenie\\Billroo\\server\\src\\util\\logger.ts": {"path":"C:\\Users\\seeker\\Projects\\Invest With Queenie\\Billroo\\server\\src\\util\\logger.ts","statementMap":{"0":{"start":{"line":1,"column":0},"end":{"line":1,"column":30}},"1":{"start":{"line":3,"column":39},"end":{"line":10,"column":2}},"2":{"start":{"line":12,"column":15},"end":{"line":12,"column":44}},"3":{"start":{"line":14,"column":0},"end":{"line":16,"column":null}},"4":{"start":{"line":15,"column":4},"end":{"line":15,"column":55}},"5":{"start":{"line":18,"column":0},"end":{"line":18,"column":22}}},"fnMap":{},"branchMap":{"0":{"loc":{"start":{"line":6,"column":59},"end":{"line":6,"column":66}},"type":"cond-expr","locations":[{"start":{"line":6,"column":59},"end":{"line":6,"column":66}},{"start":{"line":6,"column":69},"end":{"line":6,"column":76}}]},"1":{"loc":{"start":{"line":14,"column":0},"end":{"line":16,"column":null}},"type":"if","locations":[{"start":{"line":14,"column":0},"end":{"line":16,"column":null}},{"start":{"line":14,"column":0},"end":{"line":16,"column":null}}]}},"s":{"0":2,"1":2,"2":2,"3":2,"4":2,"5":2},"f":{},"b":{"0":[0,2],"1":[2,0]}}
,"C:\\Users\\seeker\\Projects\\Invest With Queenie\\Billroo\\server\\src\\util\\secrets.ts": {"path":"C:\\Users\\seeker\\Projects\\Invest With Queenie\\Billroo\\server\\src\\util\\secrets.ts","statementMap":{"0":{"start":{"line":1,"column":0},"end":{"line":1,"column":30}},"1":{"start":{"line":2,"column":0},"end":{"line":2,"column":28}},"2":{"start":{"line":3,"column":0},"end":{"line":3,"column":20}},"3":{"start":{"line":5,"column":0},"end":{"line":13,"column":null}},"4":{"start":{"line":6,"column":2},"end":{"line":6,"column":73}},"5":{"start":{"line":7,"column":2},"end":{"line":7,"column":34}},"6":{"start":{"line":9,"column":2},"end":{"line":11,"column":4}},"7":{"start":{"line":12,"column":2},"end":{"line":12,"column":42}},"8":{"start":{"line":14,"column":13},"end":{"line":14,"column":48}},"9":{"start":{"line":15,"column":13},"end":{"line":15,"column":41}},"10":{"start":{"line":17,"column":13},"end":{"line":19,"column":32}},"11":{"start":{"line":21,"column":0},"end":{"line":32,"column":null}},"12":{"start":{"line":22,"column":2},"end":{"line":30,"column":null}},"13":{"start":{"line":23,"column":4},"end":{"line":25,"column":6}},"14":{"start":{"line":27,"column":4},"end":{"line":29,"column":6}},"15":{"start":{"line":31,"column":2},"end":{"line":31,"column":18}}},"fnMap":{},"branchMap":{"0":{"loc":{"start":{"line":5,"column":0},"end":{"line":13,"column":null}},"type":"if","locations":[{"start":{"line":5,"column":0},"end":{"line":13,"column":null}},{"start":{"line":5,"column":0},"end":{"line":13,"column":null}}]},"1":{"loc":{"start":{"line":18,"column":4},"end":{"line":18,"column":25}},"type":"cond-expr","locations":[{"start":{"line":18,"column":4},"end":{"line":18,"column":25}},{"start":{"line":19,"column":4},"end":{"line":19,"column":31}}]},"2":{"loc":{"start":{"line":21,"column":0},"end":{"line":32,"column":null}},"type":"if","locations":[{"start":{"line":21,"column":0},"end":{"line":32,"column":null}},{"start":{"line":21,"column":0},"end":{"line":32,"column":null}}]},"3":{"loc":{"start":{"line":22,"column":2},"end":{"line":30,"column":null}},"type":"if","locations":[{"start":{"line":22,"column":2},"end":{"line":30,"column":null}},{"start":{"line":22,"column":2},"end":{"line":30,"column":null}}]}},"s":{"0":2,"1":2,"2":2,"3":2,"4":2,"5":2,"6":0,"7":0,"8":2,"9":2,"10":2,"11":2,"12":0,"13":0,"14":0,"15":0},"f":{},"b":{"0":[2,0],"1":[0,2],"2":[0,2],"3":[0,0]}}
}
