TN:
SF:src\app.ts
FNF:0
FNH:0
DA:1,2
DA:2,2
DA:3,2
DA:4,2
DA:5,2
DA:6,2
DA:7,2
DA:9,2
DA:12,2
DA:15,2
DA:16,2
DA:17,2
DA:18,2
DA:19,2
DA:20,2
DA:22,2
DA:26,2
DA:27,2
DA:29,2
LF:19
LH:19
BRDA:15,0,0,2
BRDA:15,0,1,0
BRF:2
BRH:1
end_of_record
TN:
SF:src\bin\pg.ts
FN:11,(anonymous_0)
FN:14,(anonymous_1)
FNF:2
FNH:1
FNDA:1,(anonymous_0)
FNDA:0,(anonymous_1)
DA:1,2
DA:2,2
DA:4,2
DA:12,1
DA:15,0
LF:5
LH:4
BRF:0
BRH:0
end_of_record
TN:
SF:src\consts\query.ts
FN:1,(anonymous_0)
FN:41,(anonymous_1)
FN:45,(anonymous_2)
FN:52,(anonymous_3)
FN:70,(anonymous_4)
FNF:5
FNH:1
FNDA:0,(anonymous_0)
FNDA:0,(anonymous_1)
FNDA:0,(anonymous_2)
FNDA:1,(anonymous_3)
FNDA:0,(anonymous_4)
DA:1,2
DA:2,0
DA:41,2
DA:42,0
DA:45,2
DA:49,0
DA:52,2
DA:55,1
DA:70,2
DA:74,0
LF:10
LH:6
BRF:0
BRH:0
end_of_record
TN:
SF:src\consts\tables.ts
FNF:0
FNH:0
DA:1,2
DA:2,2
DA:3,2
LF:3
LH:3
BRF:0
BRH:0
end_of_record
TN:
SF:src\controllers\category.ts
FN:10,(anonymous_7)
FN:10,(anonymous_8)
FNF:2
FNH:0
FNDA:0,(anonymous_7)
FNDA:0,(anonymous_8)
DA:1,2
DA:2,2
DA:10,2
DA:11,0
DA:12,0
DA:13,0
DA:15,0
LF:7
LH:3
BRF:0
BRH:0
end_of_record
TN:
SF:src\controllers\expenses.ts
FN:17,(anonymous_7)
FN:17,(anonymous_8)
FN:28,(anonymous_9)
FN:28,(anonymous_10)
FN:37,(anonymous_11)
FN:39,(anonymous_12)
FN:48,(anonymous_13)
FN:48,(anonymous_14)
FN:57,(anonymous_15)
FN:60,(anonymous_16)
FNF:10
FNH:2
FNDA:0,(anonymous_7)
FNDA:0,(anonymous_8)
FNDA:0,(anonymous_9)
FNDA:0,(anonymous_10)
FNDA:1,(anonymous_11)
FNDA:1,(anonymous_12)
FNDA:0,(anonymous_13)
FNDA:0,(anonymous_14)
FNDA:0,(anonymous_15)
FNDA:0,(anonymous_16)
DA:1,2
DA:2,2
DA:4,2
DA:17,2
DA:18,0
DA:19,0
DA:22,0
DA:24,0
DA:28,2
DA:29,0
DA:30,0
DA:31,0
DA:33,0
DA:37,2
DA:39,1
DA:40,1
DA:41,1
DA:42,1
DA:44,0
DA:48,2
DA:49,0
DA:50,0
DA:51,0
DA:53,0
DA:57,2
DA:60,0
DA:61,0
DA:62,0
DA:65,0
DA:66,0
DA:71,0
DA:74,0
DA:77,0
LF:33
LH:12
BRDA:65,0,0,0
BRDA:65,0,1,0
BRF:2
BRH:0
end_of_record
TN:
SF:src\routes\category.ts
FN:7,(anonymous_7)
FN:7,(anonymous_8)
FNF:2
FNH:0
FNDA:0,(anonymous_7)
FNDA:0,(anonymous_8)
DA:1,2
DA:3,2
DA:5,2
DA:7,2
DA:8,0
DA:9,0
LF:6
LH:4
BRF:0
BRH:0
end_of_record
TN:
SF:src\routes\expenses.ts
FN:13,(anonymous_7)
FN:13,(anonymous_8)
FN:18,(anonymous_9)
FN:18,(anonymous_10)
FN:27,(anonymous_11)
FN:27,(anonymous_12)
FN:36,(anonymous_13)
FN:36,(anonymous_14)
FNF:8
FNH:4
FNDA:0,(anonymous_7)
FNDA:0,(anonymous_8)
FNDA:0,(anonymous_9)
FNDA:0,(anonymous_10)
FNDA:1,(anonymous_11)
FNDA:1,(anonymous_12)
FNDA:1,(anonymous_13)
FNDA:1,(anonymous_14)
DA:1,2
DA:3,2
DA:11,2
DA:13,2
DA:14,0
DA:15,0
DA:18,2
DA:19,0
DA:20,0
DA:21,0
DA:23,0
DA:24,0
DA:27,2
DA:28,1
DA:29,1
DA:30,0
DA:32,1
DA:33,1
DA:36,2
DA:37,1
DA:38,1
DA:39,1
DA:40,1
DA:42,0
DA:46,0
LF:25
LH:15
BRDA:20,0,0,0
BRDA:20,0,1,0
BRDA:20,1,0,0
BRDA:20,1,1,0
BRDA:29,2,0,0
BRDA:29,2,1,1
BRDA:29,3,0,1
BRDA:29,3,1,1
BRDA:39,4,0,1
BRDA:39,4,1,0
BRDA:39,5,0,1
BRDA:39,5,1,0
BRDA:39,5,2,0
BRDA:39,5,3,0
BRF:14
BRH:5
end_of_record
TN:
SF:src\util\logger.ts
FNF:0
FNH:0
DA:1,2
DA:3,2
DA:12,2
DA:14,2
DA:15,2
DA:18,2
LF:6
LH:6
BRDA:6,0,0,0
BRDA:6,0,1,2
BRDA:14,1,0,2
BRDA:14,1,1,0
BRF:4
BRH:2
end_of_record
TN:
SF:src\util\secrets.ts
FNF:0
FNH:0
DA:1,2
DA:2,2
DA:3,2
DA:5,2
DA:6,2
DA:7,2
DA:9,0
DA:12,0
DA:14,2
DA:15,2
DA:17,2
DA:21,2
DA:22,0
DA:23,0
DA:27,0
DA:31,0
LF:16
LH:10
BRDA:5,0,0,2
BRDA:5,0,1,0
BRDA:18,1,0,0
BRDA:18,1,1,2
BRDA:21,2,0,0
BRDA:21,2,1,2
BRDA:22,3,0,0
BRDA:22,3,1,0
BRF:8
BRH:3
end_of_record
